<?xml version="1.0" encoding="UTF-8"?>
<testng-results skipped="0" failed="0" total="1" passed="1">
  <reporter-output>
  </reporter-output>
  <suite name="Default suite" duration-ms="22060" started-at="2017-10-28T12:46:08Z" finished-at="2017-10-28T12:46:30Z">
    <groups>
    </groups>
    <test name="Default test" duration-ms="22060" started-at="2017-10-28T12:46:08Z" finished-at="2017-10-28T12:46:30Z">
      <class name="com.VerifyLinks.Verifyalllinks">
        <test-method status="PASS" signature="setUp()[pri:0, instance:com.VerifyLinks.Verifyalllinks@6a41eaa2]" name="setUp" is-config="true" duration-ms="16700" started-at="2017-10-28T18:16:08Z" finished-at="2017-10-28T18:16:25Z">
          <reporter-output>
          </reporter-output>
        </test-method> <!-- setUp -->
        <test-method status="PASS" signature="validateInvalidLinks()[pri:0, instance:com.VerifyLinks.Verifyalllinks@6a41eaa2]" name="validateInvalidLinks" duration-ms="1854" started-at="2017-10-28T18:16:25Z" finished-at="2017-10-28T18:16:27Z">
          <reporter-output>
          </reporter-output>
        </test-method> <!-- validateInvalidLinks -->
        <test-method status="PASS" signature="tearDown()[pri:0, instance:com.VerifyLinks.Verifyalllinks@6a41eaa2]" name="tearDown" is-config="true" duration-ms="3437" started-at="2017-10-28T18:16:27Z" finished-at="2017-10-28T18:16:30Z">
          <reporter-output>
          </reporter-output>
        </test-method> <!-- tearDown -->
      </class> <!-- com.VerifyLinks.Verifyalllinks -->
    </test> <!-- Default test -->
  </suite> <!-- Default suite -->
</testng-results>
